<?xml version="1.0" encoding="UTF-8"?>
<!-- Generated by org.testng.reporters.JUnitReportReporter -->
<testsuite hostname="Athiras-MacBook-Air.local" failures="0" tests="1" name="API.RestAssuredTestNG" time="1.418" errors="0" timestamp="2024-11-19T16:48:37 IST" skipped="0">
  <testcase classname="API.RestAssuredTestNG" name="test" time="1.418"/>
</testsuite> <!-- API.RestAssuredTestNG -->
